<?xml version="1.0" encoding="UTF-8"?>
<!-- Generated by org.testng.reporters.JUnitReportReporter -->
<testsuite hostname="DESKTOP-EO103SI" failures="0" tests="3" name="com.example.randomuser.tests.HappyPathTests" time="3.929" errors="0" timestamp="2025-10-05T09:51:32 BST" skipped="0">
  <testcase classname="com.example.randomuser.tests.HappyPathTests" name="verifySingleUserDefault" time="0.284"/>
  <testcase classname="com.example.randomuser.tests.HappyPathTests" name="verifyMultipleUsers" time="0.267"/>
  <testcase classname="com.example.randomuser.tests.HappyPathTests" name="verifyGenderFilter" time="3.378"/>
</testsuite> <!-- com.example.randomuser.tests.HappyPathTests -->
