<?xml version="1.0" encoding="UTF-8"?>
<!-- Generated by org.testng.reporters.JUnitReportReporter -->
<testsuite hostname="DESKTOP-EO103SI" failures="0" tests="3" name="com.example.randomuser.tests.UnhappyPathTests" time="0.581" errors="0" timestamp="2025-10-05T09:51:32 BST" skipped="0">
  <testcase classname="com.example.randomuser.tests.UnhappyPathTests" name="testLargeResults" time="0.208"/>
  <testcase classname="com.example.randomuser.tests.UnhappyPathTests" name="testInvalidParameter" time="0.174"/>
  <testcase classname="com.example.randomuser.tests.UnhappyPathTests" name="testInvalidGenderFallback" time="0.199"/>
</testsuite> <!-- com.example.randomuser.tests.UnhappyPathTests -->
